help.are
Imm.are
Limbo.are
Ghetti.are
Koth.are
JPA.are
Auth2.are
Spaceport.are
MHQ.are
Vegeta.area
Afterlife.are
Mutant.are
Android.are
NRRA.are
Good.are
Evil.are
Afterlife2.are
Buu.are
ships.are
CSHQ.are
ZFHQ.are
Asteroid.are
Turk.are
Yardrat.are
Earth.are
Hotel.are
Casino.are
FDHQ.are
Freezar.are
Namek.are
Gerok.are
Lab.are
CKHQ.are
TCHQ.are
Arano.are
Swamp.are
MDHQ.are
Residence.are
Residence2.are
CTF.are
Quest1.are
Namek2.are
duel.are
Chikara5.are
ladder.are
Auth.are
Clanbase.are
CLQuest.are
Village.are
Legendaria.are
$
